# JRE version: Java(TM) SE Runtime Environment (8.0_301-b09) (build 1.8.0_301-b09)
# Java VM: Java HotSpot(TM) 64-Bit Server VM (25.301-b09 mixed mode windows-amd64 compressed oops)
Heap:
 PSYoungGen      total 316416K, used 279161K [0x0000000780000000, 0x0000000799500000, 0x00000007c0000000)
  eden space 295936K, 94% used [0x0000000780000000,0x000000079109e608,0x0000000792100000)
  from space 20480K, 0% used [0x0000000792100000,0x0000000792100000,0x0000000793500000)
  to   space 21504K, 0% used [0x0000000798000000,0x0000000798000000,0x0000000799500000)
 ParOldGen       total 219136K, used 29723K [0x0000000700000000, 0x000000070d600000, 0x0000000780000000)
  object space 219136K, 13% used [0x0000000700000000,0x0000000701d06e28,0x000000070d600000)
 Metaspace       used 64803K, capacity 69024K, committed 69248K, reserved 1107968K
  class space    used 9027K, capacity 9771K, committed 9856K, reserved 1048576K
GC Heap History (10 events):
Event: 3.182 GC heap before
{Heap before GC invocations=8 (full 2):
 PSYoungGen      total 220160K, used 7337K [0x0000000780000000, 0x000000078f380000, 0x00000007c0000000)
  eden space 204800K, 0% used [0x0000000780000000,0x0000000780000000,0x000000078c800000)
  from space 15360K, 47% used [0x000000078d700000,0x000000078de2a640,0x000000078e600000)
  to   space 15360K, 0% used [0x000000078c800000,0x000000078c800000,0x000000078d700000)
 ParOldGen       total 103424K, used 12704K [0x0000000700000000, 0x0000000706500000, 0x0000000780000000)
  object space 103424K, 12% used [0x0000000700000000,0x0000000700c68330,0x0000000706500000)
 Metaspace       used 33975K, capacity 35344K, committed 35416K, reserved 1079296K
  class space    used 4778K, capacity 5082K, committed 5120K, reserved 1048576K
Event: 3.206 GC heap after
Heap after GC invocations=8 (full 2):
 PSYoungGen      total 220160K, used 0K [0x0000000780000000, 0x000000078f380000, 0x00000007c0000000)
  eden space 204800K, 0% used [0x0000000780000000,0x0000000780000000,0x000000078c800000)
  from space 15360K, 0% used [0x000000078d700000,0x000000078d700000,0x000000078e600000)
  to   space 15360K, 0% used [0x000000078c800000,0x000000078c800000,0x000000078d700000)
 ParOldGen       total 153088K, used 14528K [0x0000000700000000, 0x0000000709580000, 0x0000000780000000)
  object space 153088K, 9% used [0x0000000700000000,0x0000000700e30340,0x0000000709580000)
 Metaspace       used 33975K, capacity 35344K, committed 35416K, reserved 1079296K
  class space    used 4778K, capacity 5082K, committed 5120K, reserved 1048576K
}
Event: 6.136 GC heap before
{Heap before GC invocations=9 (full 2):
 PSYoungGen      total 220160K, used 204800K [0x0000000780000000, 0x000000078f380000, 0x00000007c0000000)
  eden space 204800K, 100% used [0x0000000780000000,0x000000078c800000,0x000000078c800000)
  from space 15360K, 0% used [0x000000078d700000,0x000000078d700000,0x000000078e600000)
  to   space 15360K, 0% used [0x000000078c800000,0x000000078c800000,0x000000078d700000)
 ParOldGen       total 153088K, used 14528K [0x0000000700000000, 0x0000000709580000, 0x0000000780000000)
  object space 153088K, 9% used [0x0000000700000000,0x0000000700e30340,0x0000000709580000)
 Metaspace       used 46502K, capacity 48960K, committed 49024K, reserved 1091584K
  class space    used 6568K, capacity 7022K, committed 7040K, reserved 1048576K
Event: 6.146 GC heap after
Heap after GC invocations=9 (full 2):
 PSYoungGen      total 220160K, used 14733K [0x0000000780000000, 0x0000000794900000, 0x00000007c0000000)
  eden space 204800K, 0% used [0x0000000780000000,0x0000000780000000,0x000000078c800000)
  from space 15360K, 95% used [0x000000078c800000,0x000000078d663798,0x000000078d700000)
  to   space 16896K, 0% used [0x0000000793880000,0x0000000793880000,0x0000000794900000)
 ParOldGen       total 153088K, used 14536K [0x0000000700000000, 0x0000000709580000, 0x0000000780000000)
  object space 153088K, 9% used [0x0000000700000000,0x0000000700e32340,0x0000000709580000)
 Metaspace       used 46502K, capacity 48960K, committed 49024K, reserved 1091584K
  class space    used 6568K, capacity 7022K, committed 7040K, reserved 1048576K
}
Event: 7.943 GC heap before
{Heap before GC invocations=10 (full 2):
 PSYoungGen      total 220160K, used 219533K [0x0000000780000000, 0x0000000794900000, 0x00000007c0000000)
  eden space 204800K, 100% used [0x0000000780000000,0x000000078c800000,0x000000078c800000)
  from space 15360K, 95% used [0x000000078c800000,0x000000078d663798,0x000000078d700000)
  to   space 16896K, 0% used [0x0000000793880000,0x0000000793880000,0x0000000794900000)
 ParOldGen       total 153088K, used 14536K [0x0000000700000000, 0x0000000709580000, 0x0000000780000000)
  object space 153088K, 9% used [0x0000000700000000,0x0000000700e32340,0x0000000709580000)
 Metaspace       used 53907K, capacity 57162K, committed 57344K, reserved 1097728K
  class space    used 7610K, capacity 8192K, committed 8192K, reserved 1048576K
Event: 7.956 GC heap after
Heap after GC invocations=10 (full 2):
 PSYoungGen      total 311808K, used 16881K [0x0000000780000000, 0x0000000794900000, 0x00000007c0000000)
  eden space 294912K, 0% used [0x0000000780000000,0x0000000780000000,0x0000000792000000)
  from space 16896K, 99% used [0x0000000793880000,0x00000007948fc6d8,0x0000000794900000)
  to   space 20480K, 0% used [0x0000000792100000,0x0000000792100000,0x0000000793500000)
 ParOldGen       total 153088K, used 17253K [0x0000000700000000, 0x0000000709580000, 0x0000000780000000)
  object space 153088K, 11% used [0x0000000700000000,0x00000007010d9418,0x0000000709580000)
 Metaspace       used 53907K, capacity 57162K, committed 57344K, reserved 1097728K
  class space    used 7610K, capacity 8192K, committed 8192K, reserved 1048576K
}
Event: 8.681 GC heap before
{Heap before GC invocations=11 (full 2):
 PSYoungGen      total 311808K, used 181260K [0x0000000780000000, 0x0000000794900000, 0x00000007c0000000)
  eden space 294912K, 55% used [0x0000000780000000,0x000000078a086aa0,0x0000000792000000)
  from space 16896K, 99% used [0x0000000793880000,0x00000007948fc6d8,0x0000000794900000)
  to   space 20480K, 0% used [0x0000000792100000,0x0000000792100000,0x0000000793500000)
 ParOldGen       total 153088K, used 17253K [0x0000000700000000, 0x0000000709580000, 0x0000000780000000)
  object space 153088K, 11% used [0x0000000700000000,0x00000007010d9418,0x0000000709580000)
 Metaspace       used 55562K, capacity 58954K, committed 59028K, reserved 1099776K
  class space    used 7763K, capacity 8374K, committed 8448K, reserved 1048576K
Event: 8.691 GC heap after
Heap after GC invocations=11 (full 2):
 PSYoungGen      total 316416K, used 17189K [0x0000000780000000, 0x0000000799500000, 0x00000007c0000000)
  eden space 295936K, 0% used [0x0000000780000000,0x0000000780000000,0x0000000792100000)
  from space 20480K, 83% used [0x0000000792100000,0x00000007931c97e0,0x0000000793500000)
  to   space 21504K, 0% used [0x0000000798000000,0x0000000798000000,0x0000000799500000)
 ParOldGen       total 153088K, used 17269K [0x0000000700000000, 0x0000000709580000, 0x0000000780000000)
  object space 153088K, 11% used [0x0000000700000000,0x00000007010dd418,0x0000000709580000)
 Metaspace       used 55562K, capacity 58954K, committed 59028K, reserved 1099776K
  class space    used 7763K, capacity 8374K, committed 8448K, reserved 1048576K
}
Event: 8.691 GC heap before
{Heap before GC invocations=12 (full 3):
 PSYoungGen      total 316416K, used 17189K [0x0000000780000000, 0x0000000799500000, 0x00000007c0000000)
  eden space 295936K, 0% used [0x0000000780000000,0x0000000780000000,0x0000000792100000)
  from space 20480K, 83% used [0x0000000792100000,0x00000007931c97e0,0x0000000793500000)
  to   space 21504K, 0% used [0x0000000798000000,0x0000000798000000,0x0000000799500000)
 ParOldGen       total 153088K, used 17269K [0x0000000700000000, 0x0000000709580000, 0x0000000780000000)
  object space 153088K, 11% used [0x0000000700000000,0x00000007010dd418,0x0000000709580000)
 Metaspace       used 55562K, capacity 58954K, committed 59028K, reserved 1099776K
  class space    used 7763K, capacity 8374K, committed 8448K, reserved 1048576K
Event: 8.839 GC heap after
Heap after GC invocations=12 (full 3):
 PSYoungGen      total 316416K, used 0K [0x0000000780000000, 0x0000000799500000, 0x00000007c0000000)
  eden space 295936K, 0% used [0x0000000780000000,0x0000000780000000,0x0000000792100000)
  from space 20480K, 0% used [0x0000000792100000,0x0000000792100000,0x0000000793500000)
  to   space 21504K, 0% used [0x0000000798000000,0x0000000798000000,0x0000000799500000)
 ParOldGen       total 219136K, used 29723K [0x0000000700000000, 0x000000070d600000, 0x0000000780000000)
  object space 219136K, 13% used [0x0000000700000000,0x0000000701d06e28,0x000000070d600000)
 Metaspace       used 55404K, capacity 58420K, committed 59028K, reserved 1099776K
  class space    used 7713K, capacity 8285K, committed 8448K, reserved 1048576K
}

