# JRE version: Java(TM) SE Runtime Environment (8.0_301-b09) (build 1.8.0_301-b09)
# Java VM: Java HotSpot(TM) 64-Bit Server VM (25.301-b09 mixed mode windows-amd64 compressed oops)
Heap:
 PSYoungGen      total 309248K, used 281972K [0x0000000780000000, 0x0000000798400000, 0x00000007c0000000)
  eden space 288768K, 97% used [0x0000000780000000,0x000000079135d0b8,0x0000000791a00000)
  from space 20480K, 0% used [0x0000000791a00000,0x0000000791a00000,0x0000000792e00000)
  to   space 21504K, 0% used [0x0000000796f00000,0x0000000796f00000,0x0000000798400000)
 ParOldGen       total 227328K, used 29736K [0x0000000700000000, 0x000000070de00000, 0x0000000780000000)
  object space 227328K, 13% used [0x0000000700000000,0x0000000701d0a090,0x000000070de00000)
 Metaspace       used 64708K, capacity 68829K, committed 68992K, reserved 1107968K
  class space    used 9045K, capacity 9774K, committed 9856K, reserved 1048576K
GC Heap History (10 events):
Event: 3.105 GC heap before
{Heap before GC invocations=8 (full 2):
 PSYoungGen      total 221696K, used 7350K [0x0000000780000000, 0x000000078f280000, 0x00000007c0000000)
  eden space 206336K, 0% used [0x0000000780000000,0x0000000780000000,0x000000078c980000)
  from space 15360K, 47% used [0x000000078d880000,0x000000078dfad9e8,0x000000078e780000)
  to   space 15360K, 0% used [0x000000078c980000,0x000000078c980000,0x000000078d880000)
 ParOldGen       total 102912K, used 12694K [0x0000000700000000, 0x0000000706480000, 0x0000000780000000)
  object space 102912K, 12% used [0x0000000700000000,0x0000000700c65bb8,0x0000000706480000)
 Metaspace       used 33976K, capacity 35344K, committed 35416K, reserved 1079296K
  class space    used 4778K, capacity 5082K, committed 5120K, reserved 1048576K
Event: 3.134 GC heap after
Heap after GC invocations=8 (full 2):
 PSYoungGen      total 221696K, used 0K [0x0000000780000000, 0x000000078f280000, 0x00000007c0000000)
  eden space 206336K, 0% used [0x0000000780000000,0x0000000780000000,0x000000078c980000)
  from space 15360K, 0% used [0x000000078d880000,0x000000078d880000,0x000000078e780000)
  to   space 15360K, 0% used [0x000000078c980000,0x000000078c980000,0x000000078d880000)
 ParOldGen       total 157184K, used 14523K [0x0000000700000000, 0x0000000709980000, 0x0000000780000000)
  object space 157184K, 9% used [0x0000000700000000,0x0000000700e2eda8,0x0000000709980000)
 Metaspace       used 33976K, capacity 35344K, committed 35416K, reserved 1079296K
  class space    used 4778K, capacity 5082K, committed 5120K, reserved 1048576K
}
Event: 5.887 GC heap before
{Heap before GC invocations=9 (full 2):
 PSYoungGen      total 221696K, used 206336K [0x0000000780000000, 0x000000078f280000, 0x00000007c0000000)
  eden space 206336K, 100% used [0x0000000780000000,0x000000078c980000,0x000000078c980000)
  from space 15360K, 0% used [0x000000078d880000,0x000000078d880000,0x000000078e780000)
  to   space 15360K, 0% used [0x000000078c980000,0x000000078c980000,0x000000078d880000)
 ParOldGen       total 157184K, used 14523K [0x0000000700000000, 0x0000000709980000, 0x0000000780000000)
  object space 157184K, 9% used [0x0000000700000000,0x0000000700e2eda8,0x0000000709980000)
 Metaspace       used 46656K, capacity 49094K, committed 49408K, reserved 1091584K
  class space    used 6587K, capacity 7053K, committed 7168K, reserved 1048576K
Event: 5.897 GC heap after
Heap after GC invocations=9 (full 2):
 PSYoungGen      total 221696K, used 15015K [0x0000000780000000, 0x0000000794200000, 0x00000007c0000000)
  eden space 206336K, 0% used [0x0000000780000000,0x0000000780000000,0x000000078c980000)
  from space 15360K, 97% used [0x000000078c980000,0x000000078d829f58,0x000000078d880000)
  to   space 17408K, 0% used [0x0000000793100000,0x0000000793100000,0x0000000794200000)
 ParOldGen       total 157184K, used 14531K [0x0000000700000000, 0x0000000709980000, 0x0000000780000000)
  object space 157184K, 9% used [0x0000000700000000,0x0000000700e30da8,0x0000000709980000)
 Metaspace       used 46656K, capacity 49094K, committed 49408K, reserved 1091584K
  class space    used 6587K, capacity 7053K, committed 7168K, reserved 1048576K
}
Event: 7.468 GC heap before
{Heap before GC invocations=10 (full 2):
 PSYoungGen      total 221696K, used 220215K [0x0000000780000000, 0x0000000794200000, 0x00000007c0000000)
  eden space 206336K, 99% used [0x0000000780000000,0x000000078c863fe8,0x000000078c980000)
  from space 15360K, 97% used [0x000000078c980000,0x000000078d829f58,0x000000078d880000)
  to   space 17408K, 0% used [0x0000000793100000,0x0000000793100000,0x0000000794200000)
 ParOldGen       total 157184K, used 14531K [0x0000000700000000, 0x0000000709980000, 0x0000000780000000)
  object space 157184K, 9% used [0x0000000700000000,0x0000000700e30da8,0x0000000709980000)
 Metaspace       used 53891K, capacity 57076K, committed 57344K, reserved 1097728K
  class space    used 7597K, capacity 8177K, committed 8192K, reserved 1048576K
Event: 7.480 GC heap after
Heap after GC invocations=10 (full 2):
 PSYoungGen      total 305152K, used 17401K [0x0000000780000000, 0x0000000794200000, 0x00000007c0000000)
  eden space 287744K, 0% used [0x0000000780000000,0x0000000780000000,0x0000000791900000)
  from space 17408K, 99% used [0x0000000793100000,0x00000007941fe798,0x0000000794200000)
  to   space 20480K, 0% used [0x0000000791a00000,0x0000000791a00000,0x0000000792e00000)
 ParOldGen       total 157184K, used 16485K [0x0000000700000000, 0x0000000709980000, 0x0000000780000000)
  object space 157184K, 10% used [0x0000000700000000,0x0000000701019468,0x0000000709980000)
 Metaspace       used 53891K, capacity 57076K, committed 57344K, reserved 1097728K
  class space    used 7597K, capacity 8177K, committed 8192K, reserved 1048576K
}
Event: 8.202 GC heap before
{Heap before GC invocations=11 (full 2):
 PSYoungGen      total 305152K, used 171436K [0x0000000780000000, 0x0000000794200000, 0x00000007c0000000)
  eden space 287744K, 53% used [0x0000000780000000,0x000000078966cb80,0x0000000791900000)
  from space 17408K, 99% used [0x0000000793100000,0x00000007941fe798,0x0000000794200000)
  to   space 20480K, 0% used [0x0000000791a00000,0x0000000791a00000,0x0000000792e00000)
 ParOldGen       total 157184K, used 16485K [0x0000000700000000, 0x0000000709980000, 0x0000000780000000)
  object space 157184K, 10% used [0x0000000700000000,0x0000000701019468,0x0000000709980000)
 Metaspace       used 55582K, capacity 58943K, committed 59028K, reserved 1099776K
  class space    used 7756K, capacity 8363K, committed 8448K, reserved 1048576K
Event: 8.210 GC heap after
Heap after GC invocations=11 (full 2):
 PSYoungGen      total 309248K, used 17122K [0x0000000780000000, 0x0000000798400000, 0x00000007c0000000)
  eden space 288768K, 0% used [0x0000000780000000,0x0000000780000000,0x0000000791a00000)
  from space 20480K, 83% used [0x0000000791a00000,0x0000000792ab8840,0x0000000792e00000)
  to   space 21504K, 0% used [0x0000000796f00000,0x0000000796f00000,0x0000000798400000)
 ParOldGen       total 157184K, used 16501K [0x0000000700000000, 0x0000000709980000, 0x0000000780000000)
  object space 157184K, 10% used [0x0000000700000000,0x000000070101d468,0x0000000709980000)
 Metaspace       used 55582K, capacity 58943K, committed 59028K, reserved 1099776K
  class space    used 7756K, capacity 8363K, committed 8448K, reserved 1048576K
}
Event: 8.210 GC heap before
{Heap before GC invocations=12 (full 3):
 PSYoungGen      total 309248K, used 17122K [0x0000000780000000, 0x0000000798400000, 0x00000007c0000000)
  eden space 288768K, 0% used [0x0000000780000000,0x0000000780000000,0x0000000791a00000)
  from space 20480K, 83% used [0x0000000791a00000,0x0000000792ab8840,0x0000000792e00000)
  to   space 21504K, 0% used [0x0000000796f00000,0x0000000796f00000,0x0000000798400000)
 ParOldGen       total 157184K, used 16501K [0x0000000700000000, 0x0000000709980000, 0x0000000780000000)
  object space 157184K, 10% used [0x0000000700000000,0x000000070101d468,0x0000000709980000)
 Metaspace       used 55582K, capacity 58943K, committed 59028K, reserved 1099776K
  class space    used 7756K, capacity 8363K, committed 8448K, reserved 1048576K
Event: 8.346 GC heap after
Heap after GC invocations=12 (full 3):
 PSYoungGen      total 309248K, used 0K [0x0000000780000000, 0x0000000798400000, 0x00000007c0000000)
  eden space 288768K, 0% used [0x0000000780000000,0x0000000780000000,0x0000000791a00000)
  from space 20480K, 0% used [0x0000000791a00000,0x0000000791a00000,0x0000000792e00000)
  to   space 21504K, 0% used [0x0000000796f00000,0x0000000796f00000,0x0000000798400000)
 ParOldGen       total 227328K, used 29736K [0x0000000700000000, 0x000000070de00000, 0x0000000780000000)
  object space 227328K, 13% used [0x0000000700000000,0x0000000701d0a090,0x000000070de00000)
 Metaspace       used 55444K, capacity 58481K, committed 59028K, reserved 1099776K
  class space    used 7713K, capacity 8286K, committed 8448K, reserved 1048576K
}

