# JRE version: Java(TM) SE Runtime Environment (8.0_301-b09) (build 1.8.0_301-b09)
# Java VM: Java HotSpot(TM) 64-Bit Server VM (25.301-b09 mixed mode windows-amd64 compressed oops)
Heap:
 PSYoungGen      total 374784K, used 246911K [0x0000000780000000, 0x0000000799800000, 0x00000007c0000000)
  eden space 353280K, 63% used [0x0000000780000000,0x000000078dc241d8,0x0000000795900000)
  from space 21504K, 99% used [0x0000000797e80000,0x000000079937bb18,0x0000000799380000)
  to   space 32256K, 0% used [0x0000000795900000,0x0000000795900000,0x0000000797880000)
 ParOldGen       total 220160K, used 51432K [0x0000000700000000, 0x000000070d700000, 0x0000000780000000)
  object space 220160K, 23% used [0x0000000700000000,0x000000070323a1a0,0x000000070d700000)
 Metaspace       used 66296K, capacity 70736K, committed 70912K, reserved 1110016K
  class space    used 9148K, capacity 9895K, committed 9984K, reserved 1048576K
GC Heap History (10 events):
Event: 5.656 GC heap before
{Heap before GC invocations=9 (full 2):
 PSYoungGen      total 222720K, used 207360K [0x0000000780000000, 0x000000078f200000, 0x00000007c0000000)
  eden space 207360K, 100% used [0x0000000780000000,0x000000078ca80000,0x000000078ca80000)
  from space 15360K, 0% used [0x000000078d900000,0x000000078d900000,0x000000078e800000)
  to   space 14848K, 0% used [0x000000078ca80000,0x000000078ca80000,0x000000078d900000)
 ParOldGen       total 153600K, used 14528K [0x0000000700000000, 0x0000000709600000, 0x0000000780000000)
  object space 153600K, 9% used [0x0000000700000000,0x0000000700e30138,0x0000000709600000)
 Metaspace       used 46850K, capacity 49376K, committed 49408K, reserved 1091584K
  class space    used 6626K, capacity 7136K, committed 7168K, reserved 1048576K
Event: 5.666 GC heap after
Heap after GC invocations=9 (full 2):
 PSYoungGen      total 222208K, used 14816K [0x0000000780000000, 0x0000000794900000, 0x00000007c0000000)
  eden space 207360K, 0% used [0x0000000780000000,0x0000000780000000,0x000000078ca80000)
  from space 14848K, 99% used [0x000000078ca80000,0x000000078d8f83f8,0x000000078d900000)
  to   space 17408K, 0% used [0x0000000793800000,0x0000000793800000,0x0000000794900000)
 ParOldGen       total 153600K, used 14837K [0x0000000700000000, 0x0000000709600000, 0x0000000780000000)
  object space 153600K, 9% used [0x0000000700000000,0x0000000700e7d618,0x0000000709600000)
 Metaspace       used 46850K, capacity 49376K, committed 49408K, reserved 1091584K
  class space    used 6626K, capacity 7136K, committed 7168K, reserved 1048576K
}
Event: 6.954 GC heap before
{Heap before GC invocations=10 (full 2):
 PSYoungGen      total 222208K, used 218249K [0x0000000780000000, 0x0000000794900000, 0x00000007c0000000)
  eden space 207360K, 98% used [0x0000000780000000,0x000000078c6aa0d0,0x000000078ca80000)
  from space 14848K, 99% used [0x000000078ca80000,0x000000078d8f83f8,0x000000078d900000)
  to   space 17408K, 0% used [0x0000000793800000,0x0000000793800000,0x0000000794900000)
 ParOldGen       total 153600K, used 14837K [0x0000000700000000, 0x0000000709600000, 0x0000000780000000)
  object space 153600K, 9% used [0x0000000700000000,0x0000000700e7d618,0x0000000709600000)
 Metaspace       used 53895K, capacity 57114K, committed 57344K, reserved 1097728K
  class space    used 7605K, capacity 8184K, committed 8192K, reserved 1048576K
Event: 6.963 GC heap after
Heap after GC invocations=10 (full 2):
 PSYoungGen      total 312832K, used 17385K [0x0000000780000000, 0x0000000794900000, 0x00000007c0000000)
  eden space 295424K, 0% used [0x0000000780000000,0x0000000780000000,0x0000000792080000)
  from space 17408K, 99% used [0x0000000793800000,0x00000007948fa480,0x0000000794900000)
  to   space 20480K, 0% used [0x0000000792100000,0x0000000792100000,0x0000000793500000)
 ParOldGen       total 153600K, used 16707K [0x0000000700000000, 0x0000000709600000, 0x0000000780000000)
  object space 153600K, 10% used [0x0000000700000000,0x0000000701050fa0,0x0000000709600000)
 Metaspace       used 53895K, capacity 57114K, committed 57344K, reserved 1097728K
  class space    used 7605K, capacity 8184K, committed 8192K, reserved 1048576K
}
Event: 7.641 GC heap before
{Heap before GC invocations=11 (full 2):
 PSYoungGen      total 312832K, used 177585K [0x0000000780000000, 0x0000000794900000, 0x00000007c0000000)
  eden space 295424K, 54% used [0x0000000780000000,0x0000000789c72188,0x0000000792080000)
  from space 17408K, 99% used [0x0000000793800000,0x00000007948fa480,0x0000000794900000)
  to   space 20480K, 0% used [0x0000000792100000,0x0000000792100000,0x0000000793500000)
 ParOldGen       total 153600K, used 16707K [0x0000000700000000, 0x0000000709600000, 0x0000000780000000)
  object space 153600K, 10% used [0x0000000700000000,0x0000000701050fa0,0x0000000709600000)
 Metaspace       used 55527K, capacity 58938K, committed 59028K, reserved 1099776K
  class space    used 7759K, capacity 8398K, committed 8448K, reserved 1048576K
Event: 7.650 GC heap after
Heap after GC invocations=11 (full 2):
 PSYoungGen      total 316416K, used 17082K [0x0000000780000000, 0x0000000799380000, 0x00000007c0000000)
  eden space 295936K, 0% used [0x0000000780000000,0x0000000780000000,0x0000000792100000)
  from space 20480K, 83% used [0x0000000792100000,0x00000007931aea20,0x0000000793500000)
  to   space 21504K, 0% used [0x0000000797e80000,0x0000000797e80000,0x0000000799380000)
 ParOldGen       total 153600K, used 16723K [0x0000000700000000, 0x0000000709600000, 0x0000000780000000)
  object space 153600K, 10% used [0x0000000700000000,0x0000000701054fa0,0x0000000709600000)
 Metaspace       used 55527K, capacity 58938K, committed 59028K, reserved 1099776K
  class space    used 7759K, capacity 8398K, committed 8448K, reserved 1048576K
}
Event: 7.650 GC heap before
{Heap before GC invocations=12 (full 3):
 PSYoungGen      total 316416K, used 17082K [0x0000000780000000, 0x0000000799380000, 0x00000007c0000000)
  eden space 295936K, 0% used [0x0000000780000000,0x0000000780000000,0x0000000792100000)
  from space 20480K, 83% used [0x0000000792100000,0x00000007931aea20,0x0000000793500000)
  to   space 21504K, 0% used [0x0000000797e80000,0x0000000797e80000,0x0000000799380000)
 ParOldGen       total 153600K, used 16723K [0x0000000700000000, 0x0000000709600000, 0x0000000780000000)
  object space 153600K, 10% used [0x0000000700000000,0x0000000701054fa0,0x0000000709600000)
 Metaspace       used 55527K, capacity 58938K, committed 59028K, reserved 1099776K
  class space    used 7759K, capacity 8398K, committed 8448K, reserved 1048576K
Event: 7.779 GC heap after
Heap after GC invocations=12 (full 3):
 PSYoungGen      total 316416K, used 0K [0x0000000780000000, 0x0000000799380000, 0x00000007c0000000)
  eden space 295936K, 0% used [0x0000000780000000,0x0000000780000000,0x0000000792100000)
  from space 20480K, 0% used [0x0000000792100000,0x0000000792100000,0x0000000793500000)
  to   space 21504K, 0% used [0x0000000797e80000,0x0000000797e80000,0x0000000799380000)
 ParOldGen       total 220160K, used 29704K [0x0000000700000000, 0x000000070d700000, 0x0000000780000000)
  object space 220160K, 13% used [0x0000000700000000,0x0000000701d02250,0x000000070d700000)
 Metaspace       used 55382K, capacity 58446K, committed 59028K, reserved 1099776K
  class space    used 7713K, capacity 8316K, committed 8448K, reserved 1048576K
}
Event: 43.973 GC heap before
{Heap before GC invocations=13 (full 3):
 PSYoungGen      total 316416K, used 295936K [0x0000000780000000, 0x0000000799380000, 0x00000007c0000000)
  eden space 295936K, 100% used [0x0000000780000000,0x0000000792100000,0x0000000792100000)
  from space 20480K, 0% used [0x0000000792100000,0x0000000792100000,0x0000000793500000)
  to   space 21504K, 0% used [0x0000000797e80000,0x0000000797e80000,0x0000000799380000)
 ParOldGen       total 220160K, used 29704K [0x0000000700000000, 0x000000070d700000, 0x0000000780000000)
  object space 220160K, 13% used [0x0000000700000000,0x0000000701d02250,0x000000070d700000)
 Metaspace       used 65644K, capacity 69880K, committed 70144K, reserved 1110016K
  class space    used 9124K, capacity 9861K, committed 9984K, reserved 1048576K
Event: 44.019 GC heap after
Heap after GC invocations=13 (full 3):
 PSYoungGen      total 374784K, used 21486K [0x0000000780000000, 0x0000000799800000, 0x00000007c0000000)
  eden space 353280K, 0% used [0x0000000780000000,0x0000000780000000,0x0000000795900000)
  from space 21504K, 99% used [0x0000000797e80000,0x000000079937bb18,0x0000000799380000)
  to   space 32256K, 0% used [0x0000000795900000,0x0000000795900000,0x0000000797880000)
 ParOldGen       total 220160K, used 51432K [0x0000000700000000, 0x000000070d700000, 0x0000000780000000)
  object space 220160K, 23% used [0x0000000700000000,0x000000070323a1a0,0x000000070d700000)
 Metaspace       used 65644K, capacity 69880K, committed 70144K, reserved 1110016K
  class space    used 9124K, capacity 9861K, committed 9984K, reserved 1048576K
}

