# JRE version: Java(TM) SE Runtime Environment (8.0_301-b09) (build 1.8.0_301-b09)
# Java VM: Java HotSpot(TM) 64-Bit Server VM (25.301-b09 mixed mode windows-amd64 compressed oops)
Heap:
 PSYoungGen      total 372224K, used 103827K [0x0000000780000000, 0x000000079ab00000, 0x00000007c0000000)
  eden space 350208K, 23% used [0x0000000780000000,0x0000000784fe6e00,0x0000000795600000)
  from space 22016K, 99% used [0x0000000797a00000,0x0000000798f7de28,0x0000000798f80000)
  to   space 36864K, 0% used [0x0000000795600000,0x0000000795600000,0x0000000797a00000)
 ParOldGen       total 223744K, used 62808K [0x0000000700000000, 0x000000070da80000, 0x0000000780000000)
  object space 223744K, 28% used [0x0000000700000000,0x0000000703d56308,0x000000070da80000)
 Metaspace       used 65969K, capacity 70138K, committed 70272K, reserved 1110016K
  class space    used 9075K, capacity 9805K, committed 9856K, reserved 1048576K
GC Heap History (10 events):
Event: 5.697 GC heap before
{Heap before GC invocations=9 (full 2):
 PSYoungGen      total 221696K, used 206336K [0x0000000780000000, 0x000000078f200000, 0x00000007c0000000)
  eden space 206336K, 100% used [0x0000000780000000,0x000000078c980000,0x000000078c980000)
  from space 15360K, 0% used [0x000000078d880000,0x000000078d880000,0x000000078e780000)
  to   space 15360K, 0% used [0x000000078c980000,0x000000078c980000,0x000000078d880000)
 ParOldGen       total 155136K, used 14529K [0x0000000700000000, 0x0000000709780000, 0x0000000780000000)
  object space 155136K, 9% used [0x0000000700000000,0x0000000700e304d8,0x0000000709780000)
 Metaspace       used 46646K, capacity 49034K, committed 49408K, reserved 1091584K
  class space    used 6580K, capacity 7043K, committed 7168K, reserved 1048576K
Event: 5.707 GC heap after
Heap after GC invocations=9 (full 2):
 PSYoungGen      total 221696K, used 14953K [0x0000000780000000, 0x0000000794680000, 0x00000007c0000000)
  eden space 206336K, 0% used [0x0000000780000000,0x0000000780000000,0x000000078c980000)
  from space 15360K, 97% used [0x000000078c980000,0x000000078d81a440,0x000000078d880000)
  to   space 17408K, 0% used [0x0000000793580000,0x0000000793580000,0x0000000794680000)
 ParOldGen       total 155136K, used 14537K [0x0000000700000000, 0x0000000709780000, 0x0000000780000000)
  object space 155136K, 9% used [0x0000000700000000,0x0000000700e324d8,0x0000000709780000)
 Metaspace       used 46646K, capacity 49034K, committed 49408K, reserved 1091584K
  class space    used 6580K, capacity 7043K, committed 7168K, reserved 1048576K
}
Event: 7.014 GC heap before
{Heap before GC invocations=10 (full 2):
 PSYoungGen      total 221696K, used 221289K [0x0000000780000000, 0x0000000794680000, 0x00000007c0000000)
  eden space 206336K, 100% used [0x0000000780000000,0x000000078c980000,0x000000078c980000)
  from space 15360K, 97% used [0x000000078c980000,0x000000078d81a440,0x000000078d880000)
  to   space 17408K, 0% used [0x0000000793580000,0x0000000793580000,0x0000000794680000)
 ParOldGen       total 155136K, used 14537K [0x0000000700000000, 0x0000000709780000, 0x0000000780000000)
  object space 155136K, 9% used [0x0000000700000000,0x0000000700e324d8,0x0000000709780000)
 Metaspace       used 53930K, capacity 57118K, committed 57344K, reserved 1097728K
  class space    used 7602K, capacity 8175K, committed 8192K, reserved 1048576K
Event: 7.025 GC heap after
Heap after GC invocations=10 (full 2):
 PSYoungGen      total 310272K, used 17383K [0x0000000780000000, 0x0000000794680000, 0x00000007c0000000)
  eden space 292864K, 0% used [0x0000000780000000,0x0000000780000000,0x0000000791e00000)
  from space 17408K, 99% used [0x0000000793580000,0x0000000794679f18,0x0000000794680000)
  to   space 20480K, 0% used [0x0000000791e80000,0x0000000791e80000,0x0000000793280000)
 ParOldGen       total 155136K, used 16602K [0x0000000700000000, 0x0000000709780000, 0x0000000780000000)
  object space 155136K, 10% used [0x0000000700000000,0x0000000701036a90,0x0000000709780000)
 Metaspace       used 53930K, capacity 57118K, committed 57344K, reserved 1097728K
  class space    used 7602K, capacity 8175K, committed 8192K, reserved 1048576K
}
Event: 7.708 GC heap before
{Heap before GC invocations=11 (full 2):
 PSYoungGen      total 310272K, used 178864K [0x0000000780000000, 0x0000000794680000, 0x00000007c0000000)
  eden space 292864K, 55% used [0x0000000780000000,0x0000000789db2398,0x0000000791e00000)
  from space 17408K, 99% used [0x0000000793580000,0x0000000794679f18,0x0000000794680000)
  to   space 20480K, 0% used [0x0000000791e80000,0x0000000791e80000,0x0000000793280000)
 ParOldGen       total 155136K, used 16602K [0x0000000700000000, 0x0000000709780000, 0x0000000780000000)
  object space 155136K, 10% used [0x0000000700000000,0x0000000701036a90,0x0000000709780000)
 Metaspace       used 55478K, capacity 58860K, committed 59008K, reserved 1099776K
  class space    used 7744K, capacity 8318K, committed 8320K, reserved 1048576K
Event: 7.717 GC heap after
Heap after GC invocations=11 (full 2):
 PSYoungGen      total 313856K, used 17017K [0x0000000780000000, 0x0000000798f80000, 0x00000007c0000000)
  eden space 293376K, 0% used [0x0000000780000000,0x0000000780000000,0x0000000791e80000)
  from space 20480K, 83% used [0x0000000791e80000,0x0000000792f1e730,0x0000000793280000)
  to   space 22016K, 0% used [0x0000000797a00000,0x0000000797a00000,0x0000000798f80000)
 ParOldGen       total 155136K, used 16618K [0x0000000700000000, 0x0000000709780000, 0x0000000780000000)
  object space 155136K, 10% used [0x0000000700000000,0x000000070103aa90,0x0000000709780000)
 Metaspace       used 55478K, capacity 58860K, committed 59008K, reserved 1099776K
  class space    used 7744K, capacity 8318K, committed 8320K, reserved 1048576K
}
Event: 7.717 GC heap before
{Heap before GC invocations=12 (full 3):
 PSYoungGen      total 313856K, used 17017K [0x0000000780000000, 0x0000000798f80000, 0x00000007c0000000)
  eden space 293376K, 0% used [0x0000000780000000,0x0000000780000000,0x0000000791e80000)
  from space 20480K, 83% used [0x0000000791e80000,0x0000000792f1e730,0x0000000793280000)
  to   space 22016K, 0% used [0x0000000797a00000,0x0000000797a00000,0x0000000798f80000)
 ParOldGen       total 155136K, used 16618K [0x0000000700000000, 0x0000000709780000, 0x0000000780000000)
  object space 155136K, 10% used [0x0000000700000000,0x000000070103aa90,0x0000000709780000)
 Metaspace       used 55478K, capacity 58860K, committed 59008K, reserved 1099776K
  class space    used 7744K, capacity 8318K, committed 8320K, reserved 1048576K
Event: 7.848 GC heap after
Heap after GC invocations=12 (full 3):
 PSYoungGen      total 313856K, used 0K [0x0000000780000000, 0x0000000798f80000, 0x00000007c0000000)
  eden space 293376K, 0% used [0x0000000780000000,0x0000000780000000,0x0000000791e80000)
  from space 20480K, 0% used [0x0000000791e80000,0x0000000791e80000,0x0000000793280000)
  to   space 22016K, 0% used [0x0000000797a00000,0x0000000797a00000,0x0000000798f80000)
 ParOldGen       total 223744K, used 29656K [0x0000000700000000, 0x000000070da80000, 0x0000000780000000)
  object space 223744K, 13% used [0x0000000700000000,0x0000000701cf6200,0x000000070da80000)
 Metaspace       used 55358K, capacity 58452K, committed 59008K, reserved 1099776K
  class space    used 7706K, capacity 8250K, committed 8320K, reserved 1048576K
}
Event: 9.711 GC heap before
{Heap before GC invocations=13 (full 3):
 PSYoungGen      total 313856K, used 293376K [0x0000000780000000, 0x0000000798f80000, 0x00000007c0000000)
  eden space 293376K, 100% used [0x0000000780000000,0x0000000791e80000,0x0000000791e80000)
  from space 20480K, 0% used [0x0000000791e80000,0x0000000791e80000,0x0000000793280000)
  to   space 22016K, 0% used [0x0000000797a00000,0x0000000797a00000,0x0000000798f80000)
 ParOldGen       total 223744K, used 29656K [0x0000000700000000, 0x000000070da80000, 0x0000000780000000)
  object space 223744K, 13% used [0x0000000700000000,0x0000000701cf6200,0x000000070da80000)
 Metaspace       used 65125K, capacity 69166K, committed 69376K, reserved 1110016K
  class space    used 8963K, capacity 9673K, committed 9728K, reserved 1048576K
Event: 9.750 GC heap after
Heap after GC invocations=13 (full 3):
 PSYoungGen      total 372224K, used 22007K [0x0000000780000000, 0x000000079ab00000, 0x00000007c0000000)
  eden space 350208K, 0% used [0x0000000780000000,0x0000000780000000,0x0000000795600000)
  from space 22016K, 99% used [0x0000000797a00000,0x0000000798f7de28,0x0000000798f80000)
  to   space 36864K, 0% used [0x0000000795600000,0x0000000795600000,0x0000000797a00000)
 ParOldGen       total 223744K, used 62808K [0x0000000700000000, 0x000000070da80000, 0x0000000780000000)
  object space 223744K, 28% used [0x0000000700000000,0x0000000703d56308,0x000000070da80000)
 Metaspace       used 65125K, capacity 69166K, committed 69376K, reserved 1110016K
  class space    used 8963K, capacity 9673K, committed 9728K, reserved 1048576K
}

