# JRE version: Java(TM) SE Runtime Environment (8.0_301-b09) (build 1.8.0_301-b09)
# Java VM: Java HotSpot(TM) 64-Bit Server VM (25.301-b09 mixed mode windows-amd64 compressed oops)
Heap:
 PSYoungGen      total 371712K, used 77695K [0x0000000780000000, 0x0000000799d00000, 0x00000007c0000000)
  eden space 350208K, 16% used [0x0000000780000000,0x00000007836e29e0,0x0000000795600000)
  from space 21504K, 99% used [0x0000000797480000,0x000000079897d488,0x0000000798980000)
  to   space 31232K, 0% used [0x0000000795600000,0x0000000795600000,0x0000000797480000)
 ParOldGen       total 225792K, used 48865K [0x0000000700000000, 0x000000070dc80000, 0x0000000780000000)
  object space 225792K, 21% used [0x0000000700000000,0x0000000702fb85a8,0x000000070dc80000)
 Metaspace       used 65714K, capacity 69824K, committed 70016K, reserved 1110016K
  class space    used 9056K, capacity 9803K, committed 9856K, reserved 1048576K
GC Heap History (10 events):
Event: 5.746 GC heap before
{Heap before GC invocations=9 (full 2):
 PSYoungGen      total 219648K, used 204288K [0x0000000780000000, 0x000000078f180000, 0x00000007c0000000)
  eden space 204288K, 100% used [0x0000000780000000,0x000000078c780000,0x000000078c780000)
  from space 15360K, 0% used [0x000000078d680000,0x000000078d680000,0x000000078e580000)
  to   space 15360K, 0% used [0x000000078c780000,0x000000078c780000,0x000000078d680000)
 ParOldGen       total 156672K, used 14534K [0x0000000700000000, 0x0000000709900000, 0x0000000780000000)
  object space 156672K, 9% used [0x0000000700000000,0x0000000700e31b70,0x0000000709900000)
 Metaspace       used 46496K, capacity 48860K, committed 49024K, reserved 1091584K
  class space    used 6561K, capacity 7032K, committed 7040K, reserved 1048576K
Event: 5.755 GC heap after
Heap after GC invocations=9 (full 2):
 PSYoungGen      total 219648K, used 14822K [0x0000000780000000, 0x0000000794280000, 0x00000007c0000000)
  eden space 204288K, 0% used [0x0000000780000000,0x0000000780000000,0x000000078c780000)
  from space 15360K, 96% used [0x000000078c780000,0x000000078d5f9938,0x000000078d680000)
  to   space 16896K, 0% used [0x0000000793200000,0x0000000793200000,0x0000000794280000)
 ParOldGen       total 156672K, used 14542K [0x0000000700000000, 0x0000000709900000, 0x0000000780000000)
  object space 156672K, 9% used [0x0000000700000000,0x0000000700e33b70,0x0000000709900000)
 Metaspace       used 46496K, capacity 48860K, committed 49024K, reserved 1091584K
  class space    used 6561K, capacity 7032K, committed 7040K, reserved 1048576K
}
Event: 7.267 GC heap before
{Heap before GC invocations=10 (full 2):
 PSYoungGen      total 219648K, used 219110K [0x0000000780000000, 0x0000000794280000, 0x00000007c0000000)
  eden space 204288K, 100% used [0x0000000780000000,0x000000078c780000,0x000000078c780000)
  from space 15360K, 96% used [0x000000078c780000,0x000000078d5f9938,0x000000078d680000)
  to   space 16896K, 0% used [0x0000000793200000,0x0000000793200000,0x0000000794280000)
 ParOldGen       total 156672K, used 14542K [0x0000000700000000, 0x0000000709900000, 0x0000000780000000)
  object space 156672K, 9% used [0x0000000700000000,0x0000000700e33b70,0x0000000709900000)
 Metaspace       used 53847K, capacity 57030K, committed 57088K, reserved 1097728K
  class space    used 7593K, capacity 8170K, committed 8192K, reserved 1048576K
Event: 7.277 GC heap after
Heap after GC invocations=10 (full 2):
 PSYoungGen      total 305664K, used 16881K [0x0000000780000000, 0x0000000794280000, 0x00000007c0000000)
  eden space 288768K, 0% used [0x0000000780000000,0x0000000780000000,0x0000000791a00000)
  from space 16896K, 99% used [0x0000000793200000,0x000000079427c6d8,0x0000000794280000)
  to   space 20480K, 0% used [0x0000000791a80000,0x0000000791a80000,0x0000000792e80000)
 ParOldGen       total 156672K, used 17079K [0x0000000700000000, 0x0000000709900000, 0x0000000780000000)
  object space 156672K, 10% used [0x0000000700000000,0x00000007010addc8,0x0000000709900000)
 Metaspace       used 53847K, capacity 57030K, committed 57088K, reserved 1097728K
  class space    used 7593K, capacity 8170K, committed 8192K, reserved 1048576K
}
Event: 8.001 GC heap before
{Heap before GC invocations=11 (full 2):
 PSYoungGen      total 305664K, used 183239K [0x0000000780000000, 0x0000000794280000, 0x00000007c0000000)
  eden space 288768K, 57% used [0x0000000780000000,0x000000078a275748,0x0000000791a00000)
  from space 16896K, 99% used [0x0000000793200000,0x000000079427c6d8,0x0000000794280000)
  to   space 20480K, 0% used [0x0000000791a80000,0x0000000791a80000,0x0000000792e80000)
 ParOldGen       total 156672K, used 17079K [0x0000000700000000, 0x0000000709900000, 0x0000000780000000)
  object space 156672K, 10% used [0x0000000700000000,0x00000007010addc8,0x0000000709900000)
 Metaspace       used 55597K, capacity 58924K, committed 59028K, reserved 1099776K
  class space    used 7758K, capacity 8361K, committed 8448K, reserved 1048576K
Event: 8.010 GC heap after
Heap after GC invocations=11 (full 2):
 PSYoungGen      total 309760K, used 17183K [0x0000000780000000, 0x0000000798980000, 0x00000007c0000000)
  eden space 289280K, 0% used [0x0000000780000000,0x0000000780000000,0x0000000791a80000)
  from space 20480K, 83% used [0x0000000791a80000,0x0000000792b47d60,0x0000000792e80000)
  to   space 21504K, 0% used [0x0000000797480000,0x0000000797480000,0x0000000798980000)
 ParOldGen       total 156672K, used 17095K [0x0000000700000000, 0x0000000709900000, 0x0000000780000000)
  object space 156672K, 10% used [0x0000000700000000,0x00000007010b1dc8,0x0000000709900000)
 Metaspace       used 55597K, capacity 58924K, committed 59028K, reserved 1099776K
  class space    used 7758K, capacity 8361K, committed 8448K, reserved 1048576K
}
Event: 8.010 GC heap before
{Heap before GC invocations=12 (full 3):
 PSYoungGen      total 309760K, used 17183K [0x0000000780000000, 0x0000000798980000, 0x00000007c0000000)
  eden space 289280K, 0% used [0x0000000780000000,0x0000000780000000,0x0000000791a80000)
  from space 20480K, 83% used [0x0000000791a80000,0x0000000792b47d60,0x0000000792e80000)
  to   space 21504K, 0% used [0x0000000797480000,0x0000000797480000,0x0000000798980000)
 ParOldGen       total 156672K, used 17095K [0x0000000700000000, 0x0000000709900000, 0x0000000780000000)
  object space 156672K, 10% used [0x0000000700000000,0x00000007010b1dc8,0x0000000709900000)
 Metaspace       used 55597K, capacity 58924K, committed 59028K, reserved 1099776K
  class space    used 7758K, capacity 8361K, committed 8448K, reserved 1048576K
Event: 8.151 GC heap after
Heap after GC invocations=12 (full 3):
 PSYoungGen      total 309760K, used 0K [0x0000000780000000, 0x0000000798980000, 0x00000007c0000000)
  eden space 289280K, 0% used [0x0000000780000000,0x0000000780000000,0x0000000791a80000)
  from space 20480K, 0% used [0x0000000791a80000,0x0000000791a80000,0x0000000792e80000)
  to   space 21504K, 0% used [0x0000000797480000,0x0000000797480000,0x0000000798980000)
 ParOldGen       total 225792K, used 29773K [0x0000000700000000, 0x000000070dc80000, 0x0000000780000000)
  object space 225792K, 13% used [0x0000000700000000,0x0000000701d13598,0x000000070dc80000)
 Metaspace       used 55478K, capacity 58522K, committed 59028K, reserved 1099776K
  class space    used 7720K, capacity 8294K, committed 8448K, reserved 1048576K
}
Event: 10.060 GC heap before
{Heap before GC invocations=13 (full 3):
 PSYoungGen      total 309760K, used 289280K [0x0000000780000000, 0x0000000798980000, 0x00000007c0000000)
  eden space 289280K, 100% used [0x0000000780000000,0x0000000791a80000,0x0000000791a80000)
  from space 20480K, 0% used [0x0000000791a80000,0x0000000791a80000,0x0000000792e80000)
  to   space 21504K, 0% used [0x0000000797480000,0x0000000797480000,0x0000000798980000)
 ParOldGen       total 225792K, used 29773K [0x0000000700000000, 0x000000070dc80000, 0x0000000780000000)
  object space 225792K, 13% used [0x0000000700000000,0x0000000701d13598,0x000000070dc80000)
 Metaspace       used 65436K, capacity 69550K, committed 69760K, reserved 1110016K
  class space    used 9034K, capacity 9760K, committed 9856K, reserved 1048576K
Event: 10.104 GC heap after
Heap after GC invocations=13 (full 3):
 PSYoungGen      total 371712K, used 21493K [0x0000000780000000, 0x0000000799d00000, 0x00000007c0000000)
  eden space 350208K, 0% used [0x0000000780000000,0x0000000780000000,0x0000000795600000)
  from space 21504K, 99% used [0x0000000797480000,0x000000079897d488,0x0000000798980000)
  to   space 31232K, 0% used [0x0000000795600000,0x0000000795600000,0x0000000797480000)
 ParOldGen       total 225792K, used 48865K [0x0000000700000000, 0x000000070dc80000, 0x0000000780000000)
  object space 225792K, 21% used [0x0000000700000000,0x0000000702fb85a8,0x000000070dc80000)
 Metaspace       used 65436K, capacity 69550K, committed 69760K, reserved 1110016K
  class space    used 9034K, capacity 9760K, committed 9856K, reserved 1048576K
}

