# JRE version: Java(TM) SE Runtime Environment (8.0_301-b09) (build 1.8.0_301-b09)
# Java VM: Java HotSpot(TM) 64-Bit Server VM (25.301-b09 mixed mode windows-amd64 compressed oops)
Heap:
 PSYoungGen      total 317440K, used 89543K [0x0000011565a00000, 0x000001157f380000, 0x00000115a5a00000)
  eden space 296960K, 30% used [0x0000011565a00000,0x000001156b171fd0,0x0000011577c00000)
  from space 20480K, 0% used [0x0000011577c00000,0x0000011577c00000,0x0000011579000000)
  to   space 22016K, 0% used [0x000001157de00000,0x000001157de00000,0x000001157f380000)
 ParOldGen       total 221696K, used 29856K [0x00000114e5a00000, 0x00000114f3280000, 0x0000011565a00000)
  object space 221696K, 13% used [0x00000114e5a00000,0x00000114e77281d0,0x00000114f3280000)
 Metaspace       used 58373K, capacity 62272K, committed 62464K, reserved 1103872K
  class space    used 8233K, capacity 8941K, committed 8960K, reserved 1048576K
GC Heap History (10 events):
Event: 3.195 GC heap before
{Heap before GC invocations=8 (full 2):
 PSYoungGen      total 221184K, used 7245K [0x0000011565a00000, 0x0000011574c80000, 0x00000115a5a00000)
  eden space 205824K, 0% used [0x0000011565a00000,0x0000011565a00000,0x0000011572300000)
  from space 15360K, 47% used [0x0000011573200000,0x0000011573913630,0x0000011574100000)
  to   space 15360K, 0% used [0x0000011572300000,0x0000011572300000,0x0000011573200000)
 ParOldGen       total 103424K, used 12637K [0x00000114e5a00000, 0x00000114ebf00000, 0x0000011565a00000)
  object space 103424K, 12% used [0x00000114e5a00000,0x00000114e66577c0,0x00000114ebf00000)
 Metaspace       used 33977K, capacity 35344K, committed 35416K, reserved 1079296K
  class space    used 4778K, capacity 5082K, committed 5120K, reserved 1048576K
Event: 3.219 GC heap after
Heap after GC invocations=8 (full 2):
 PSYoungGen      total 221184K, used 0K [0x0000011565a00000, 0x0000011574c80000, 0x00000115a5a00000)
  eden space 205824K, 0% used [0x0000011565a00000,0x0000011565a00000,0x0000011572300000)
  from space 15360K, 0% used [0x0000011573200000,0x0000011573200000,0x0000011574100000)
  to   space 15360K, 0% used [0x0000011572300000,0x0000011572300000,0x0000011573200000)
 ParOldGen       total 155136K, used 14523K [0x00000114e5a00000, 0x00000114ef180000, 0x0000011565a00000)
  object space 155136K, 9% used [0x00000114e5a00000,0x00000114e682ec18,0x00000114ef180000)
 Metaspace       used 33977K, capacity 35344K, committed 35416K, reserved 1079296K
  class space    used 4778K, capacity 5082K, committed 5120K, reserved 1048576K
}
Event: 5.904 GC heap before
{Heap before GC invocations=9 (full 2):
 PSYoungGen      total 221184K, used 205824K [0x0000011565a00000, 0x0000011574c80000, 0x00000115a5a00000)
  eden space 205824K, 100% used [0x0000011565a00000,0x0000011572300000,0x0000011572300000)
  from space 15360K, 0% used [0x0000011573200000,0x0000011573200000,0x0000011574100000)
  to   space 15360K, 0% used [0x0000011572300000,0x0000011572300000,0x0000011573200000)
 ParOldGen       total 155136K, used 14523K [0x00000114e5a00000, 0x00000114ef180000, 0x0000011565a00000)
  object space 155136K, 9% used [0x00000114e5a00000,0x00000114e682ec18,0x00000114ef180000)
 Metaspace       used 46627K, capacity 48950K, committed 49024K, reserved 1091584K
  class space    used 6576K, capacity 7029K, committed 7040K, reserved 1048576K
Event: 5.914 GC heap after
Heap after GC invocations=9 (full 2):
 PSYoungGen      total 221184K, used 14966K [0x0000011565a00000, 0x000001157a080000, 0x00000115a5a00000)
  eden space 205824K, 0% used [0x0000011565a00000,0x0000011565a00000,0x0000011572300000)
  from space 15360K, 97% used [0x0000011572300000,0x000001157319db30,0x0000011573200000)
  to   space 16896K, 0% used [0x0000011579000000,0x0000011579000000,0x000001157a080000)
 ParOldGen       total 155136K, used 14531K [0x00000114e5a00000, 0x00000114ef180000, 0x0000011565a00000)
  object space 155136K, 9% used [0x00000114e5a00000,0x00000114e6830c18,0x00000114ef180000)
 Metaspace       used 46627K, capacity 48950K, committed 49024K, reserved 1091584K
  class space    used 6576K, capacity 7029K, committed 7040K, reserved 1048576K
}
Event: 7.484 GC heap before
{Heap before GC invocations=10 (full 2):
 PSYoungGen      total 221184K, used 220492K [0x0000011565a00000, 0x000001157a080000, 0x00000115a5a00000)
  eden space 205824K, 99% used [0x0000011565a00000,0x00000115722b56a0,0x0000011572300000)
  from space 15360K, 97% used [0x0000011572300000,0x000001157319db30,0x0000011573200000)
  to   space 16896K, 0% used [0x0000011579000000,0x0000011579000000,0x000001157a080000)
 ParOldGen       total 155136K, used 14531K [0x00000114e5a00000, 0x00000114ef180000, 0x0000011565a00000)
  object space 155136K, 9% used [0x00000114e5a00000,0x00000114e6830c18,0x00000114ef180000)
 Metaspace       used 53843K, capacity 56940K, committed 57088K, reserved 1097728K
  class space    used 7585K, capacity 8155K, committed 8192K, reserved 1048576K
Event: 7.505 GC heap after
Heap after GC invocations=10 (full 2):
 PSYoungGen      total 313856K, used 16885K [0x0000011565a00000, 0x000001157a600000, 0x00000115a5a00000)
  eden space 296960K, 0% used [0x0000011565a00000,0x0000011565a00000,0x0000011577c00000)
  from space 16896K, 99% used [0x0000011579000000,0x000001157a07d718,0x000001157a080000)
  to   space 20480K, 0% used [0x0000011577c00000,0x0000011577c00000,0x0000011579000000)
 ParOldGen       total 155136K, used 17071K [0x00000114e5a00000, 0x00000114ef180000, 0x0000011565a00000)
  object space 155136K, 11% used [0x00000114e5a00000,0x00000114e6aabcb0,0x00000114ef180000)
 Metaspace       used 53843K, capacity 56940K, committed 57088K, reserved 1097728K
  class space    used 7585K, capacity 8155K, committed 8192K, reserved 1048576K
}
Event: 8.227 GC heap before
{Heap before GC invocations=11 (full 2):
 PSYoungGen      total 313856K, used 180922K [0x0000011565a00000, 0x000001157a600000, 0x00000115a5a00000)
  eden space 296960K, 55% used [0x0000011565a00000,0x000001156fa31440,0x0000011577c00000)
  from space 16896K, 99% used [0x0000011579000000,0x000001157a07d718,0x000001157a080000)
  to   space 20480K, 0% used [0x0000011577c00000,0x0000011577c00000,0x0000011579000000)
 ParOldGen       total 155136K, used 17071K [0x00000114e5a00000, 0x00000114ef180000, 0x0000011565a00000)
  object space 155136K, 11% used [0x00000114e5a00000,0x00000114e6aabcb0,0x00000114ef180000)
 Metaspace       used 55624K, capacity 58930K, committed 59028K, reserved 1099776K
  class space    used 7759K, capacity 8352K, committed 8448K, reserved 1048576K
Event: 8.236 GC heap after
Heap after GC invocations=11 (full 2):
 PSYoungGen      total 317440K, used 17288K [0x0000011565a00000, 0x000001157f380000, 0x00000115a5a00000)
  eden space 296960K, 0% used [0x0000011565a00000,0x0000011565a00000,0x0000011577c00000)
  from space 20480K, 84% used [0x0000011577c00000,0x0000011578ce2058,0x0000011579000000)
  to   space 22016K, 0% used [0x000001157de00000,0x000001157de00000,0x000001157f380000)
 ParOldGen       total 155136K, used 17087K [0x00000114e5a00000, 0x00000114ef180000, 0x0000011565a00000)
  object space 155136K, 11% used [0x00000114e5a00000,0x00000114e6aafcb0,0x00000114ef180000)
 Metaspace       used 55624K, capacity 58930K, committed 59028K, reserved 1099776K
  class space    used 7759K, capacity 8352K, committed 8448K, reserved 1048576K
}
Event: 8.236 GC heap before
{Heap before GC invocations=12 (full 3):
 PSYoungGen      total 317440K, used 17288K [0x0000011565a00000, 0x000001157f380000, 0x00000115a5a00000)
  eden space 296960K, 0% used [0x0000011565a00000,0x0000011565a00000,0x0000011577c00000)
  from space 20480K, 84% used [0x0000011577c00000,0x0000011578ce2058,0x0000011579000000)
  to   space 22016K, 0% used [0x000001157de00000,0x000001157de00000,0x000001157f380000)
 ParOldGen       total 155136K, used 17087K [0x00000114e5a00000, 0x00000114ef180000, 0x0000011565a00000)
  object space 155136K, 11% used [0x00000114e5a00000,0x00000114e6aafcb0,0x00000114ef180000)
 Metaspace       used 55624K, capacity 58930K, committed 59028K, reserved 1099776K
  class space    used 7759K, capacity 8352K, committed 8448K, reserved 1048576K
Event: 8.374 GC heap after
Heap after GC invocations=12 (full 3):
 PSYoungGen      total 317440K, used 0K [0x0000011565a00000, 0x000001157f380000, 0x00000115a5a00000)
  eden space 296960K, 0% used [0x0000011565a00000,0x0000011565a00000,0x0000011577c00000)
  from space 20480K, 0% used [0x0000011577c00000,0x0000011577c00000,0x0000011579000000)
  to   space 22016K, 0% used [0x000001157de00000,0x000001157de00000,0x000001157f380000)
 ParOldGen       total 221696K, used 29856K [0x00000114e5a00000, 0x00000114f3280000, 0x0000011565a00000)
  object space 221696K, 13% used [0x00000114e5a00000,0x00000114e77281d0,0x00000114f3280000)
 Metaspace       used 55534K, capacity 58618K, committed 59028K, reserved 1099776K
  class space    used 7730K, capacity 8300K, committed 8448K, reserved 1048576K
}

