# JRE version: Java(TM) SE Runtime Environment (8.0_301-b09) (build 1.8.0_301-b09)
# Java VM: Java HotSpot(TM) 64-Bit Server VM (25.301-b09 mixed mode windows-amd64 compressed oops)
Heap:
 PSYoungGen      total 369664K, used 34519K [0x0000000780000000, 0x000000079dd80000, 0x00000007c0000000)
  eden space 346112K, 3% used [0x0000000780000000,0x0000000780ab6590,0x0000000795200000)
  from space 23552K, 99% used [0x0000000795200000,0x00000007968ff878,0x0000000796900000)
  to   space 35328K, 0% used [0x000000079bb00000,0x000000079bb00000,0x000000079dd80000)
 ParOldGen       total 235008K, used 58037K [0x0000000700000000, 0x000000070e580000, 0x0000000780000000)
  object space 235008K, 24% used [0x0000000700000000,0x00000007038ad630,0x000000070e580000)
 Metaspace       used 67154K, capacity 71580K, committed 71808K, reserved 1112064K
  class space    used 9329K, capacity 10110K, committed 10112K, reserved 1048576K
GC Heap History (10 events):
Event: 7.045 GC heap before
{Heap before GC invocations=10 (full 2):
 PSYoungGen      total 219136K, used 218802K [0x0000000780000000, 0x0000000794100000, 0x00000007c0000000)
  eden space 203776K, 100% used [0x0000000780000000,0x000000078c700000,0x000000078c700000)
  from space 15360K, 97% used [0x000000078c700000,0x000000078d5ac9f8,0x000000078d600000)
  to   space 17408K, 0% used [0x0000000793000000,0x0000000793000000,0x0000000794100000)
 ParOldGen       total 158720K, used 14558K [0x0000000700000000, 0x0000000709b00000, 0x0000000780000000)
  object space 158720K, 9% used [0x0000000700000000,0x0000000700e379d8,0x0000000709b00000)
 Metaspace       used 53200K, capacity 56358K, committed 56576K, reserved 1097728K
  class space    used 7569K, capacity 8155K, committed 8192K, reserved 1048576K
Event: 7.056 GC heap after
Heap after GC invocations=10 (full 2):
 PSYoungGen      total 304640K, used 17376K [0x0000000780000000, 0x0000000794280000, 0x00000007c0000000)
  eden space 287232K, 0% used [0x0000000780000000,0x0000000780000000,0x0000000791880000)
  from space 17408K, 99% used [0x0000000793000000,0x00000007940f8140,0x0000000794100000)
  to   space 21504K, 0% used [0x0000000791880000,0x0000000791880000,0x0000000792d80000)
 ParOldGen       total 158720K, used 18667K [0x0000000700000000, 0x0000000709b00000, 0x0000000780000000)
  object space 158720K, 11% used [0x0000000700000000,0x000000070123adb0,0x0000000709b00000)
 Metaspace       used 53200K, capacity 56358K, committed 56576K, reserved 1097728K
  class space    used 7569K, capacity 8155K, committed 8192K, reserved 1048576K
}
Event: 7.923 GC heap before
{Heap before GC invocations=11 (full 2):
 PSYoungGen      total 304640K, used 184147K [0x0000000780000000, 0x0000000794280000, 0x00000007c0000000)
  eden space 287232K, 58% used [0x0000000780000000,0x000000078a2dcb90,0x0000000791880000)
  from space 17408K, 99% used [0x0000000793000000,0x00000007940f8140,0x0000000794100000)
  to   space 21504K, 0% used [0x0000000791880000,0x0000000791880000,0x0000000792d80000)
 ParOldGen       total 158720K, used 18667K [0x0000000700000000, 0x0000000709b00000, 0x0000000780000000)
  object space 158720K, 11% used [0x0000000700000000,0x000000070123adb0,0x0000000709b00000)
 Metaspace       used 55516K, capacity 58884K, committed 59008K, reserved 1099776K
  class space    used 7853K, capacity 8497K, committed 8576K, reserved 1048576K
Event: 7.934 GC heap after
Heap after GC invocations=11 (full 2):
 PSYoungGen      total 308736K, used 21496K [0x0000000780000000, 0x0000000798d00000, 0x00000007c0000000)
  eden space 287232K, 0% used [0x0000000780000000,0x0000000780000000,0x0000000791880000)
  from space 21504K, 99% used [0x0000000791880000,0x0000000792d7e150,0x0000000792d80000)
  to   space 24576K, 0% used [0x0000000797500000,0x0000000797500000,0x0000000798d00000)
 ParOldGen       total 158720K, used 19566K [0x0000000700000000, 0x0000000709b00000, 0x0000000780000000)
  object space 158720K, 12% used [0x0000000700000000,0x000000070131bab0,0x0000000709b00000)
 Metaspace       used 55516K, capacity 58884K, committed 59008K, reserved 1099776K
  class space    used 7853K, capacity 8497K, committed 8576K, reserved 1048576K
}
Event: 7.934 GC heap before
{Heap before GC invocations=12 (full 3):
 PSYoungGen      total 308736K, used 21496K [0x0000000780000000, 0x0000000798d00000, 0x00000007c0000000)
  eden space 287232K, 0% used [0x0000000780000000,0x0000000780000000,0x0000000791880000)
  from space 21504K, 99% used [0x0000000791880000,0x0000000792d7e150,0x0000000792d80000)
  to   space 24576K, 0% used [0x0000000797500000,0x0000000797500000,0x0000000798d00000)
 ParOldGen       total 158720K, used 19566K [0x0000000700000000, 0x0000000709b00000, 0x0000000780000000)
  object space 158720K, 12% used [0x0000000700000000,0x000000070131bab0,0x0000000709b00000)
 Metaspace       used 55516K, capacity 58884K, committed 59008K, reserved 1099776K
  class space    used 7853K, capacity 8497K, committed 8576K, reserved 1048576K
Event: 8.084 GC heap after
Heap after GC invocations=12 (full 3):
 PSYoungGen      total 308736K, used 0K [0x0000000780000000, 0x0000000798d00000, 0x00000007c0000000)
  eden space 287232K, 0% used [0x0000000780000000,0x0000000780000000,0x0000000791880000)
  from space 21504K, 0% used [0x0000000791880000,0x0000000791880000,0x0000000792d80000)
  to   space 24576K, 0% used [0x0000000797500000,0x0000000797500000,0x0000000798d00000)
 ParOldGen       total 235008K, used 35340K [0x0000000700000000, 0x000000070e580000, 0x0000000780000000)
  object space 235008K, 15% used [0x0000000700000000,0x00000007022832c0,0x000000070e580000)
 Metaspace       used 55397K, capacity 58482K, committed 59008K, reserved 1099776K
  class space    used 7816K, capacity 8430K, committed 8576K, reserved 1048576K
}
Event: 179.408 GC heap before
{Heap before GC invocations=13 (full 3):
 PSYoungGen      total 308736K, used 274486K [0x0000000780000000, 0x0000000798d00000, 0x00000007c0000000)
  eden space 287232K, 95% used [0x0000000780000000,0x0000000790c0da90,0x0000000791880000)
  from space 21504K, 0% used [0x0000000791880000,0x0000000791880000,0x0000000792d80000)
  to   space 24576K, 0% used [0x0000000797500000,0x0000000797500000,0x0000000798d00000)
 ParOldGen       total 235008K, used 35340K [0x0000000700000000, 0x000000070e580000, 0x0000000780000000)
  object space 235008K, 15% used [0x0000000700000000,0x00000007022832c0,0x000000070e580000)
 Metaspace       used 60211K, capacity 64428K, committed 64640K, reserved 1103872K
  class space    used 8483K, capacity 9245K, committed 9344K, reserved 1048576K
Event: 179.415 GC heap after
Heap after GC invocations=13 (full 3):
 PSYoungGen      total 350720K, used 11217K [0x0000000780000000, 0x0000000798000000, 0x00000007c0000000)
  eden space 339456K, 0% used [0x0000000780000000,0x0000000780000000,0x0000000794b80000)
  from space 11264K, 99% used [0x0000000797500000,0x0000000797ff44b8,0x0000000798000000)
  to   space 23552K, 0% used [0x0000000795200000,0x0000000795200000,0x0000000796900000)
 ParOldGen       total 235008K, used 35348K [0x0000000700000000, 0x000000070e580000, 0x0000000780000000)
  object space 235008K, 15% used [0x0000000700000000,0x00000007022852c0,0x000000070e580000)
 Metaspace       used 60211K, capacity 64428K, committed 64640K, reserved 1103872K
  class space    used 8483K, capacity 9245K, committed 9344K, reserved 1048576K
}
Event: 181.098 GC heap before
{Heap before GC invocations=14 (full 3):
 PSYoungGen      total 350720K, used 350673K [0x0000000780000000, 0x0000000798000000, 0x00000007c0000000)
  eden space 339456K, 100% used [0x0000000780000000,0x0000000794b80000,0x0000000794b80000)
  from space 11264K, 99% used [0x0000000797500000,0x0000000797ff44b8,0x0000000798000000)
  to   space 23552K, 0% used [0x0000000795200000,0x0000000795200000,0x0000000796900000)
 ParOldGen       total 235008K, used 35348K [0x0000000700000000, 0x000000070e580000, 0x0000000780000000)
  object space 235008K, 15% used [0x0000000700000000,0x00000007022852c0,0x000000070e580000)
 Metaspace       used 67096K, capacity 71580K, committed 71808K, reserved 1112064K
  class space    used 9329K, capacity 10110K, committed 10112K, reserved 1048576K
Event: 181.146 GC heap after
Heap after GC invocations=14 (full 3):
 PSYoungGen      total 369664K, used 23550K [0x0000000780000000, 0x000000079dd80000, 0x00000007c0000000)
  eden space 346112K, 0% used [0x0000000780000000,0x0000000780000000,0x0000000795200000)
  from space 23552K, 99% used [0x0000000795200000,0x00000007968ff878,0x0000000796900000)
  to   space 35328K, 0% used [0x000000079bb00000,0x000000079bb00000,0x000000079dd80000)
 ParOldGen       total 235008K, used 58037K [0x0000000700000000, 0x000000070e580000, 0x0000000780000000)
  object space 235008K, 24% used [0x0000000700000000,0x00000007038ad630,0x000000070e580000)
 Metaspace       used 67096K, capacity 71580K, committed 71808K, reserved 1112064K
  class space    used 9329K, capacity 10110K, committed 10112K, reserved 1048576K
}

