# JRE version: Java(TM) SE Runtime Environment (8.0_301-b09) (build 1.8.0_301-b09)
# Java VM: Java HotSpot(TM) 64-Bit Server VM (25.301-b09 mixed mode windows-amd64 compressed oops)
Heap:
 PSYoungGen      total 355328K, used 282929K [0x0000000780000000, 0x0000000798180000, 0x00000007c0000000)
  eden space 344576K, 79% used [0x0000000780000000,0x0000000790a3f800,0x0000000795080000)
  from space 10752K, 95% used [0x0000000797700000,0x000000079810cf40,0x0000000798180000)
  to   space 20992K, 0% used [0x0000000795880000,0x0000000795880000,0x0000000796d00000)
 ParOldGen       total 224256K, used 29590K [0x0000000700000000, 0x000000070db00000, 0x0000000780000000)
  object space 224256K, 13% used [0x0000000700000000,0x0000000701ce5990,0x000000070db00000)
 Metaspace       used 66710K, capacity 71094K, committed 71168K, reserved 1110016K
  class space    used 9169K, capacity 9957K, committed 9984K, reserved 1048576K
GC Heap History (10 events):
Event: 5.550 GC heap before
{Heap before GC invocations=9 (full 2):
 PSYoungGen      total 222208K, used 206848K [0x0000000780000000, 0x000000078f280000, 0x00000007c0000000)
  eden space 206848K, 100% used [0x0000000780000000,0x000000078ca00000,0x000000078ca00000)
  from space 15360K, 0% used [0x000000078d900000,0x000000078d900000,0x000000078e800000)
  to   space 15360K, 0% used [0x000000078ca00000,0x000000078ca00000,0x000000078d900000)
 ParOldGen       total 155136K, used 14517K [0x0000000700000000, 0x0000000709780000, 0x0000000780000000)
  object space 155136K, 9% used [0x0000000700000000,0x0000000700e2d4c0,0x0000000709780000)
 Metaspace       used 46494K, capacity 48882K, committed 49024K, reserved 1091584K
  class space    used 6563K, capacity 7009K, committed 7040K, reserved 1048576K
Event: 5.559 GC heap after
Heap after GC invocations=9 (full 2):
 PSYoungGen      total 222208K, used 14793K [0x0000000780000000, 0x0000000794400000, 0x00000007c0000000)
  eden space 206848K, 0% used [0x0000000780000000,0x0000000780000000,0x000000078ca00000)
  from space 15360K, 96% used [0x000000078ca00000,0x000000078d872438,0x000000078d900000)
  to   space 16896K, 0% used [0x0000000793380000,0x0000000793380000,0x0000000794400000)
 ParOldGen       total 155136K, used 14525K [0x0000000700000000, 0x0000000709780000, 0x0000000780000000)
  object space 155136K, 9% used [0x0000000700000000,0x0000000700e2f4c0,0x0000000709780000)
 Metaspace       used 46494K, capacity 48882K, committed 49024K, reserved 1091584K
  class space    used 6563K, capacity 7009K, committed 7040K, reserved 1048576K
}
Event: 6.881 GC heap before
{Heap before GC invocations=10 (full 2):
 PSYoungGen      total 222208K, used 221641K [0x0000000780000000, 0x0000000794400000, 0x00000007c0000000)
  eden space 206848K, 100% used [0x0000000780000000,0x000000078ca00000,0x000000078ca00000)
  from space 15360K, 96% used [0x000000078ca00000,0x000000078d872438,0x000000078d900000)
  to   space 16896K, 0% used [0x0000000793380000,0x0000000793380000,0x0000000794400000)
 ParOldGen       total 155136K, used 14525K [0x0000000700000000, 0x0000000709780000, 0x0000000780000000)
  object space 155136K, 9% used [0x0000000700000000,0x0000000700e2f4c0,0x0000000709780000)
 Metaspace       used 53930K, capacity 57102K, committed 57344K, reserved 1097728K
  class space    used 7604K, capacity 8183K, committed 8192K, reserved 1048576K
Event: 6.892 GC heap after
Heap after GC invocations=10 (full 2):
 PSYoungGen      total 308736K, used 16883K [0x0000000780000000, 0x0000000794500000, 0x00000007c0000000)
  eden space 291840K, 0% used [0x0000000780000000,0x0000000780000000,0x0000000791d00000)
  from space 16896K, 99% used [0x0000000793380000,0x00000007943fcc60,0x0000000794400000)
  to   space 20480K, 0% used [0x0000000791d00000,0x0000000791d00000,0x0000000793100000)
 ParOldGen       total 155136K, used 16998K [0x0000000700000000, 0x0000000709780000, 0x0000000780000000)
  object space 155136K, 10% used [0x0000000700000000,0x00000007010999c0,0x0000000709780000)
 Metaspace       used 53930K, capacity 57102K, committed 57344K, reserved 1097728K
  class space    used 7604K, capacity 8183K, committed 8192K, reserved 1048576K
}
Event: 7.578 GC heap before
{Heap before GC invocations=11 (full 2):
 PSYoungGen      total 308736K, used 179847K [0x0000000780000000, 0x0000000794500000, 0x00000007c0000000)
  eden space 291840K, 55% used [0x0000000780000000,0x0000000789f25120,0x0000000791d00000)
  from space 16896K, 99% used [0x0000000793380000,0x00000007943fcc60,0x0000000794400000)
  to   space 20480K, 0% used [0x0000000791d00000,0x0000000791d00000,0x0000000793100000)
 ParOldGen       total 155136K, used 16998K [0x0000000700000000, 0x0000000709780000, 0x0000000780000000)
  object space 155136K, 10% used [0x0000000700000000,0x00000007010999c0,0x0000000709780000)
 Metaspace       used 55457K, capacity 58844K, committed 59028K, reserved 1099776K
  class space    used 7741K, capacity 8326K, committed 8448K, reserved 1048576K
Event: 7.586 GC heap after
Heap after GC invocations=11 (full 2):
 PSYoungGen      total 312320K, used 16983K [0x0000000780000000, 0x0000000798c00000, 0x00000007c0000000)
  eden space 291840K, 0% used [0x0000000780000000,0x0000000780000000,0x0000000791d00000)
  from space 20480K, 82% used [0x0000000791d00000,0x0000000792d95cc8,0x0000000793100000)
  to   space 21504K, 0% used [0x0000000797700000,0x0000000797700000,0x0000000798c00000)
 ParOldGen       total 155136K, used 17014K [0x0000000700000000, 0x0000000709780000, 0x0000000780000000)
  object space 155136K, 10% used [0x0000000700000000,0x000000070109d9c0,0x0000000709780000)
 Metaspace       used 55457K, capacity 58844K, committed 59028K, reserved 1099776K
  class space    used 7741K, capacity 8326K, committed 8448K, reserved 1048576K
}
Event: 7.586 GC heap before
{Heap before GC invocations=12 (full 3):
 PSYoungGen      total 312320K, used 16983K [0x0000000780000000, 0x0000000798c00000, 0x00000007c0000000)
  eden space 291840K, 0% used [0x0000000780000000,0x0000000780000000,0x0000000791d00000)
  from space 20480K, 82% used [0x0000000791d00000,0x0000000792d95cc8,0x0000000793100000)
  to   space 21504K, 0% used [0x0000000797700000,0x0000000797700000,0x0000000798c00000)
 ParOldGen       total 155136K, used 17014K [0x0000000700000000, 0x0000000709780000, 0x0000000780000000)
  object space 155136K, 10% used [0x0000000700000000,0x000000070109d9c0,0x0000000709780000)
 Metaspace       used 55457K, capacity 58844K, committed 59028K, reserved 1099776K
  class space    used 7741K, capacity 8326K, committed 8448K, reserved 1048576K
Event: 7.720 GC heap after
Heap after GC invocations=12 (full 3):
 PSYoungGen      total 312320K, used 0K [0x0000000780000000, 0x0000000798c00000, 0x00000007c0000000)
  eden space 291840K, 0% used [0x0000000780000000,0x0000000780000000,0x0000000791d00000)
  from space 20480K, 0% used [0x0000000791d00000,0x0000000791d00000,0x0000000793100000)
  to   space 21504K, 0% used [0x0000000797700000,0x0000000797700000,0x0000000798c00000)
 ParOldGen       total 224256K, used 29582K [0x0000000700000000, 0x000000070db00000, 0x0000000780000000)
  object space 224256K, 13% used [0x0000000700000000,0x0000000701ce3990,0x000000070db00000)
 Metaspace       used 55323K, capacity 58388K, committed 59028K, reserved 1099776K
  class space    used 7699K, capacity 8250K, committed 8448K, reserved 1048576K
}
Event: 83.610 GC heap before
{Heap before GC invocations=13 (full 3):
 PSYoungGen      total 312320K, used 291840K [0x0000000780000000, 0x0000000798c00000, 0x00000007c0000000)
  eden space 291840K, 100% used [0x0000000780000000,0x0000000791d00000,0x0000000791d00000)
  from space 20480K, 0% used [0x0000000791d00000,0x0000000791d00000,0x0000000793100000)
  to   space 21504K, 0% used [0x0000000797700000,0x0000000797700000,0x0000000798c00000)
 ParOldGen       total 224256K, used 29582K [0x0000000700000000, 0x000000070db00000, 0x0000000780000000)
  object space 224256K, 13% used [0x0000000700000000,0x0000000701ce3990,0x000000070db00000)
 Metaspace       used 59187K, capacity 63312K, committed 63360K, reserved 1103872K
  class space    used 8293K, capacity 9072K, committed 9088K, reserved 1048576K
Event: 83.616 GC heap after
Heap after GC invocations=13 (full 3):
 PSYoungGen      total 355328K, used 10291K [0x0000000780000000, 0x0000000798180000, 0x00000007c0000000)
  eden space 344576K, 0% used [0x0000000780000000,0x0000000780000000,0x0000000795080000)
  from space 10752K, 95% used [0x0000000797700000,0x000000079810cf40,0x0000000798180000)
  to   space 20992K, 0% used [0x0000000795880000,0x0000000795880000,0x0000000796d00000)
 ParOldGen       total 224256K, used 29590K [0x0000000700000000, 0x000000070db00000, 0x0000000780000000)
  object space 224256K, 13% used [0x0000000700000000,0x0000000701ce5990,0x000000070db00000)
 Metaspace       used 59187K, capacity 63312K, committed 63360K, reserved 1103872K
  class space    used 8293K, capacity 9072K, committed 9088K, reserved 1048576K
}

