# JRE version: Java(TM) SE Runtime Environment (8.0_301-b09) (build 1.8.0_301-b09)
# Java VM: Java HotSpot(TM) 64-Bit Server VM (25.301-b09 mixed mode windows-amd64 compressed oops)
Heap:
 PSYoungGen      total 313856K, used 291364K [0x0000000780000000, 0x0000000798f00000, 0x00000007c0000000)
  eden space 293376K, 99% used [0x0000000780000000,0x0000000791c89128,0x0000000791e80000)
  from space 20480K, 0% used [0x0000000791e80000,0x0000000791e80000,0x0000000793280000)
  to   space 21504K, 0% used [0x0000000797a00000,0x0000000797a00000,0x0000000798f00000)
 ParOldGen       total 224256K, used 29649K [0x0000000700000000, 0x000000070db00000, 0x0000000780000000)
  object space 224256K, 13% used [0x0000000700000000,0x0000000701cf4670,0x000000070db00000)
 Metaspace       used 64829K, capacity 68927K, committed 69248K, reserved 1107968K
  class space    used 9032K, capacity 9755K, committed 9856K, reserved 1048576K
GC Heap History (10 events):
Event: 2.954 GC heap before
{Heap before GC invocations=8 (full 2):
 PSYoungGen      total 222208K, used 7245K [0x0000000780000000, 0x000000078f300000, 0x00000007c0000000)
  eden space 206848K, 0% used [0x0000000780000000,0x0000000780000000,0x000000078ca00000)
  from space 15360K, 47% used [0x000000078d900000,0x000000078e013630,0x000000078e800000)
  to   space 15360K, 0% used [0x000000078ca00000,0x000000078ca00000,0x000000078d900000)
 ParOldGen       total 102912K, used 12667K [0x0000000700000000, 0x0000000706480000, 0x0000000780000000)
  object space 102912K, 12% used [0x0000000700000000,0x0000000700c5efc8,0x0000000706480000)
 Metaspace       used 33986K, capacity 35344K, committed 35416K, reserved 1079296K
  class space    used 4777K, capacity 5082K, committed 5120K, reserved 1048576K
Event: 2.978 GC heap after
Heap after GC invocations=8 (full 2):
 PSYoungGen      total 222208K, used 0K [0x0000000780000000, 0x000000078f300000, 0x00000007c0000000)
  eden space 206848K, 0% used [0x0000000780000000,0x0000000780000000,0x000000078ca00000)
  from space 15360K, 0% used [0x000000078d900000,0x000000078d900000,0x000000078e800000)
  to   space 15360K, 0% used [0x000000078ca00000,0x000000078ca00000,0x000000078d900000)
 ParOldGen       total 155136K, used 14518K [0x0000000700000000, 0x0000000709780000, 0x0000000780000000)
  object space 155136K, 9% used [0x0000000700000000,0x0000000700e2dbc8,0x0000000709780000)
 Metaspace       used 33986K, capacity 35344K, committed 35416K, reserved 1079296K
  class space    used 4777K, capacity 5082K, committed 5120K, reserved 1048576K
}
Event: 5.592 GC heap before
{Heap before GC invocations=9 (full 2):
 PSYoungGen      total 222208K, used 206848K [0x0000000780000000, 0x000000078f300000, 0x00000007c0000000)
  eden space 206848K, 100% used [0x0000000780000000,0x000000078ca00000,0x000000078ca00000)
  from space 15360K, 0% used [0x000000078d900000,0x000000078d900000,0x000000078e800000)
  to   space 15360K, 0% used [0x000000078ca00000,0x000000078ca00000,0x000000078d900000)
 ParOldGen       total 155136K, used 14518K [0x0000000700000000, 0x0000000709780000, 0x0000000780000000)
  object space 155136K, 9% used [0x0000000700000000,0x0000000700e2dbc8,0x0000000709780000)
 Metaspace       used 46584K, capacity 49066K, committed 49408K, reserved 1091584K
  class space    used 6578K, capacity 7059K, committed 7168K, reserved 1048576K
Event: 5.601 GC heap after
Heap after GC invocations=9 (full 2):
 PSYoungGen      total 222208K, used 14841K [0x0000000780000000, 0x0000000794600000, 0x00000007c0000000)
  eden space 206848K, 0% used [0x0000000780000000,0x0000000780000000,0x000000078ca00000)
  from space 15360K, 96% used [0x000000078ca00000,0x000000078d87e760,0x000000078d900000)
  to   space 16896K, 0% used [0x0000000793580000,0x0000000793580000,0x0000000794600000)
 ParOldGen       total 155136K, used 14526K [0x0000000700000000, 0x0000000709780000, 0x0000000780000000)
  object space 155136K, 9% used [0x0000000700000000,0x0000000700e2fbc8,0x0000000709780000)
 Metaspace       used 46584K, capacity 49066K, committed 49408K, reserved 1091584K
  class space    used 6578K, capacity 7059K, committed 7168K, reserved 1048576K
}
Event: 6.881 GC heap before
{Heap before GC invocations=10 (full 2):
 PSYoungGen      total 222208K, used 218326K [0x0000000780000000, 0x0000000794600000, 0x00000007c0000000)
  eden space 206848K, 98% used [0x0000000780000000,0x000000078c6b70d8,0x000000078ca00000)
  from space 15360K, 96% used [0x000000078ca00000,0x000000078d87e760,0x000000078d900000)
  to   space 16896K, 0% used [0x0000000793580000,0x0000000793580000,0x0000000794600000)
 ParOldGen       total 155136K, used 14526K [0x0000000700000000, 0x0000000709780000, 0x0000000780000000)
  object space 155136K, 9% used [0x0000000700000000,0x0000000700e2fbc8,0x0000000709780000)
 Metaspace       used 53893K, capacity 57126K, committed 57344K, reserved 1097728K
  class space    used 7602K, capacity 8186K, committed 8192K, reserved 1048576K
Event: 6.891 GC heap after
Heap after GC invocations=10 (full 2):
 PSYoungGen      total 310272K, used 16867K [0x0000000780000000, 0x0000000794680000, 0x00000007c0000000)
  eden space 293376K, 0% used [0x0000000780000000,0x0000000780000000,0x0000000791e80000)
  from space 16896K, 99% used [0x0000000793580000,0x00000007945f8d90,0x0000000794600000)
  to   space 20480K, 0% used [0x0000000791e80000,0x0000000791e80000,0x0000000793280000)
 ParOldGen       total 155136K, used 17059K [0x0000000700000000, 0x0000000709780000, 0x0000000780000000)
  object space 155136K, 10% used [0x0000000700000000,0x00000007010a8dd0,0x0000000709780000)
 Metaspace       used 53893K, capacity 57126K, committed 57344K, reserved 1097728K
  class space    used 7602K, capacity 8186K, committed 8192K, reserved 1048576K
}
Event: 7.561 GC heap before
{Heap before GC invocations=11 (full 2):
 PSYoungGen      total 310272K, used 177282K [0x0000000780000000, 0x0000000794680000, 0x00000007c0000000)
  eden space 293376K, 54% used [0x0000000780000000,0x0000000789ca7e38,0x0000000791e80000)
  from space 16896K, 99% used [0x0000000793580000,0x00000007945f8d90,0x0000000794600000)
  to   space 20480K, 0% used [0x0000000791e80000,0x0000000791e80000,0x0000000793280000)
 ParOldGen       total 155136K, used 17059K [0x0000000700000000, 0x0000000709780000, 0x0000000780000000)
  object space 155136K, 10% used [0x0000000700000000,0x00000007010a8dd0,0x0000000709780000)
 Metaspace       used 55521K, capacity 58939K, committed 59028K, reserved 1099776K
  class space    used 7747K, capacity 8359K, committed 8448K, reserved 1048576K
Event: 7.569 GC heap after
Heap after GC invocations=11 (full 2):
 PSYoungGen      total 313856K, used 17092K [0x0000000780000000, 0x0000000798f00000, 0x00000007c0000000)
  eden space 293376K, 0% used [0x0000000780000000,0x0000000780000000,0x0000000791e80000)
  from space 20480K, 83% used [0x0000000791e80000,0x0000000792f310f8,0x0000000793280000)
  to   space 21504K, 0% used [0x0000000797a00000,0x0000000797a00000,0x0000000798f00000)
 ParOldGen       total 155136K, used 17075K [0x0000000700000000, 0x0000000709780000, 0x0000000780000000)
  object space 155136K, 11% used [0x0000000700000000,0x00000007010acdd0,0x0000000709780000)
 Metaspace       used 55521K, capacity 58939K, committed 59028K, reserved 1099776K
  class space    used 7747K, capacity 8359K, committed 8448K, reserved 1048576K
}
Event: 7.569 GC heap before
{Heap before GC invocations=12 (full 3):
 PSYoungGen      total 313856K, used 17092K [0x0000000780000000, 0x0000000798f00000, 0x00000007c0000000)
  eden space 293376K, 0% used [0x0000000780000000,0x0000000780000000,0x0000000791e80000)
  from space 20480K, 83% used [0x0000000791e80000,0x0000000792f310f8,0x0000000793280000)
  to   space 21504K, 0% used [0x0000000797a00000,0x0000000797a00000,0x0000000798f00000)
 ParOldGen       total 155136K, used 17075K [0x0000000700000000, 0x0000000709780000, 0x0000000780000000)
  object space 155136K, 11% used [0x0000000700000000,0x00000007010acdd0,0x0000000709780000)
 Metaspace       used 55521K, capacity 58939K, committed 59028K, reserved 1099776K
  class space    used 7747K, capacity 8359K, committed 8448K, reserved 1048576K
Event: 7.710 GC heap after
Heap after GC invocations=12 (full 3):
 PSYoungGen      total 313856K, used 0K [0x0000000780000000, 0x0000000798f00000, 0x00000007c0000000)
  eden space 293376K, 0% used [0x0000000780000000,0x0000000780000000,0x0000000791e80000)
  from space 20480K, 0% used [0x0000000791e80000,0x0000000791e80000,0x0000000793280000)
  to   space 21504K, 0% used [0x0000000797a00000,0x0000000797a00000,0x0000000798f00000)
 ParOldGen       total 224256K, used 29649K [0x0000000700000000, 0x000000070db00000, 0x0000000780000000)
  object space 224256K, 13% used [0x0000000700000000,0x0000000701cf4670,0x000000070db00000)
 Metaspace       used 55372K, capacity 58435K, committed 59028K, reserved 1099776K
  class space    used 7700K, capacity 8275K, committed 8448K, reserved 1048576K
}

